Se introduce el nombre de usuario: standard_user
Se introduce el contraseña: secret_sauce
Se da click en el botón de LOGIN
Se introduce el nombre de usuario: standard_user
Se introduce el contraseña: secret_sauce
Se da click en el botón de LOGIN
despeglando menu
logOutButton
Se introduce el nombre de usuario: standard_user
Se introduce el contraseña: secret_sauce
Se da click en el botón de LOGIN
Se introduce el nombre de usuario: user
Se introduce el password: user
Se da click en el boton de login
Se introduce el nombre de usuario: locked_out_user
Se introduce el password: secret_sauce
Se da click en el boton de login
Se introduce el nombre de usuario: performance_glitch_user
Se introduce el password: secret_sauce
Se da click en el boton de login
cargando productos
Se introduce el nombre de usuario: problem_user
Se introduce el password: secret_sauce
Se da click en el boton de login
cargando productos
Se introduce el nombre de usuario: standard_user
Se introduce el contraseña: secret_sauce
Se da click en el botón de LOGIN
cargando productos
Se introduce el nombre de usuario: standard_user
Se introduce el contraseña: secret_sauce
Se da click en el botón de LOGIN
clickeando cart badgebutton
clickeando el boton de check out
introduciendo datos requeridos para el checkout
click en el boton de continue
